<?xml version="1.0" ?><testsuite errors="0" failures="0" hostname="localhost" name="lettuce" tests="4" time="0" timestamp="2014-02-14T14:37:39"><testcase classname="Create an environment with tiers in a tenant : Create environment with one tier" name="Given the paas manager is up and properly configured" time="0.009155"/><testcase classname="Create an environment with tiers in a tenant : Create environment with one tier" name="And a list of tiers has been defined with data:" time="0.005944"/><testcase classname="Create an environment with tiers in a tenant : Create environment with one tier" name="When I request the creation of an environment with the previous tiers and data:" time="5.422438"/><testcase classname="Create an environment with tiers in a tenant : Create environment with one tier" name="Then I receive a &quot;No Content&quot; response" time="0.010814"/></testsuite>