<?xml version="1.0" ?><testsuite errors="0" failures="1" hostname="localhost" name="lettuce" tests="5" time="0" timestamp="2014-02-17T16:34:38"><testcase classname="Get the details of an environment with tiers in a tenant : Get the details of an environment with several tiers with products and networks" name="Given the paas manager is up and properly configured" time="0.008823"/><testcase classname="Get the details of an environment with tiers in a tenant : Get the details of an environment with several tiers with products and networks" name="And a list of tiers has been defined with data:" time="0.006559"/><testcase classname="Get the details of an environment with tiers in a tenant : Get the details of an environment with several tiers with products and networks" name="And an environment has already been created with the previous tiers and data:" time="11.198535"/><testcase classname="Get the details of an environment with tiers in a tenant : Get the details of an environment with several tiers with products and networks" name="When I request the details of the environment with name &quot;nameqa&quot;" time="0.487075"/><testcase classname="Get the details of an environment with tiers in a tenant : Get the details of an environment with several tiers with products and networks" name="Then I receive an &quot;OK&quot; response with the previous tiers and data:" time="0.06742"><failure message="The data for tier tiernameqa1 does not match the expected one. Received: &lt;tierDtos&gt;&lt;minimumNumberInstances&gt;1&lt;/minimumNumberInstances&gt;&lt;initialNumberInstances&gt;1&lt;/initialNumberInstances&gt;&lt;maximumNumberInstances&gt;1&lt;/maximumNumberInstances&gt;&lt;name&gt;tiernameqa1&lt;/name&gt;&lt;image&gt;e6c5b19e-f655-4da8-86ea-6dd05be673ef&lt;/image&gt;&lt;flavour&gt;2&lt;/flavour&gt;&lt;keypair&gt;pge354_keypair&lt;/keypair&gt;&lt;floatingip&gt;false&lt;/floatingip&gt;&lt;region&gt;RegionOne&lt;/region&gt;&lt;productReleaseDtos&gt;&lt;productName&gt;git&lt;/productName&gt;&lt;version&gt;1.7&lt;/version&gt;&lt;/productReleaseDtos&gt;&lt;/tierDtos&gt;. Expected: &lt;tierDtos&gt;&lt;minimumNumberInstances&gt;1&lt;/minimumNumberInstances&gt;&lt;initialNumberInstances&gt;1&lt;/initialNumberInstances&gt;&lt;maximumNumberInstances&gt;1&lt;/maximumNumberInstances&gt;&lt;name&gt;tiernameqa1&lt;/name&gt;&lt;image&gt;e6c5b19e-f655-4da8-86ea-6dd05be673ef&lt;/image&gt;&lt;flavour&gt;2&lt;/flavour&gt;&lt;keypair&gt;pge354_keypair&lt;/keypair&gt;&lt;floatingip&gt;false&lt;/floatingip&gt;&lt;region&gt;RegionOne&lt;/region&gt;&lt;productReleaseDtos&gt;&lt;productName&gt;git&lt;/productName&gt;&lt;version&gt;1.7&lt;/version&gt;&lt;/productReleaseDtos&gt;&lt;networkDto&gt;&lt;networkName&gt;netqa1&lt;/networkName&gt;&lt;/networkDto&gt;&lt;/tierDtos&gt;." type="AssertionError"><![CDATA[Traceback (most recent call last):
  File "/home/vagrant/fiware-stuff/venv/lib/python2.6/site-packages/lettuce/core.py", line 144, in __call__
    ret = self.function(self.step, *args, **kw)
  File "/home/vagrant/workspace/fiware-paas/test/acceptance/integration/environments/get_environment_details/steps.py", line 70, in i_receive_a_response_of_type_with_the_previous_tiers_and_data
    world.tiers)
  File "/home/vagrant/workspace/fiware-paas/test/acceptance/tools/environment_request.py", line 415, in check_get_environment_response
    % (received_tier.name, tostring(received_tier.to_tier_xml()), tostring(expected_tier.to_tier_xml()))
AssertionError: The data for tier tiernameqa1 does not match the expected one. Received: <tierDtos><minimumNumberInstances>1</minimumNumberInstances><initialNumberInstances>1</initialNumberInstances><maximumNumberInstances>1</maximumNumberInstances><name>tiernameqa1</name><image>e6c5b19e-f655-4da8-86ea-6dd05be673ef</image><flavour>2</flavour><keypair>pge354_keypair</keypair><floatingip>false</floatingip><region>RegionOne</region><productReleaseDtos><productName>git</productName><version>1.7</version></productReleaseDtos></tierDtos>. Expected: <tierDtos><minimumNumberInstances>1</minimumNumberInstances><initialNumberInstances>1</initialNumberInstances><maximumNumberInstances>1</maximumNumberInstances><name>tiernameqa1</name><image>e6c5b19e-f655-4da8-86ea-6dd05be673ef</image><flavour>2</flavour><keypair>pge354_keypair</keypair><floatingip>false</floatingip><region>RegionOne</region><productReleaseDtos><productName>git</productName><version>1.7</version></productReleaseDtos><networkDto><networkName>netqa1</networkName></networkDto></tierDtos>.
]]></failure></testcase></testsuite>