<?xml version="1.0" ?><testsuite errors="0" failures="0" hostname="localhost" name="lettuce" tests="40" time="0" timestamp="2014-02-13T16:36:43"><testcase classname="Get the details of an environment in a tenant : Get environment details" name="Given the paas manager is up and properly configured" time="0.005819"/><testcase classname="Get the details of an environment in a tenant : Get environment details" name="And an environment has already been created with data:" time="0.472827"/><testcase classname="Get the details of an environment in a tenant : Get environment details" name="When I request the details of the environment with name &quot;nameqa&quot;" time="0.604318"/><testcase classname="Get the details of an environment in a tenant : Get environment details" name="Then I receive an &quot;OK&quot; response with data:" time="0.011699"/><testcase classname="Get the details of an environment in a tenant : Get environment details with different data" name="| a | descqa |" time="8.8e-05"/><testcase classname="Get the details of an environment in a tenant : Get environment details with different data" name="| nameqa-1 | descqa |" time="0.00655"/><testcase classname="Get the details of an environment in a tenant : Get environment details with different data" name="| [STRING_WITH_LENGTH_30] | descqa |" time="0.000255"/><testcase classname="Get the details of an environment in a tenant : Get environment details with different data" name="| accountsqa1 | a |" time="0.000301"/><testcase classname="Get the details of an environment in a tenant : Get environment details with different data" name="| accountsqa2 | descqa-1 |" time="0.001836"/><testcase classname="Get the details of an environment in a tenant : Get environment details with different data" name="| accountsqa3 | Symbols: +*=._,;&quot;@#%)/?! |" time="0.000798"/><testcase classname="Get the details of an environment in a tenant : Get environment details with different data" name="| accountsqa4 | Non-ASCII: á.é.í.ñ |" time="0.000242"/><testcase classname="Get the details of an environment in a tenant : Get environment details with different data" name="| accountsqa5 | [STRING_WITH_LENGTH_150] |" time="0.000106"/><testcase classname="Get the details of an environment in a tenant : Get details of a non existent environment" name="Given the paas manager is up and properly configured" time="0.002091"/><testcase classname="Get the details of an environment in a tenant : Get details of a non existent environment" name="And there is no environment with name &quot;name&quot; already created" time="0.729219"/><testcase classname="Get the details of an environment in a tenant : Get details of a non existent environment" name="When I request the details of the environment with name &quot;name&quot;" time="0.762062"/><testcase classname="Get the details of an environment in a tenant : Get details of a non existent environment" name="Then I receive a &quot;Not Found&quot; response" time="0.001934"/></testsuite>