<?xml version="1.0" ?><testsuite errors="0" failures="0" hostname="localhost" name="lettuce" tests="4" time="0" timestamp="2014-02-18T08:56:54"><testcase classname="Delete an environment in a tenant : Delete non existent environment" name="Given the paas manager is up and properly configured" time="0.00601"/><testcase classname="Delete an environment in a tenant : Delete non existent environment" name="And there is no environment with name &quot;name&quot; already created" time="0.431044"/><testcase classname="Delete an environment in a tenant : Delete non existent environment" name="When I request the deletion of the environment with name &quot;name&quot;" time="0.590455"/><testcase classname="Delete an environment in a tenant : Delete non existent environment" name="Then I receive a &quot;Not Found&quot; response" time="0.002373"/></testsuite>