<?xml version="1.0" ?><testsuite errors="0" failures="1" hostname="localhost" name="lettuce" tests="4" time="0" timestamp="2014-02-18T08:59:01"><testcase classname="Update an environment in a tenant : Update environment" name="Given the paas manager is up and properly configured" time="0.005217"/><testcase classname="Update an environment in a tenant : Update environment" name="And an environment has already been created with data:" time="0.398507"/><testcase classname="Update an environment in a tenant : Update environment" name="When I request the update of the environment with name &quot;nameqa&quot; using data:" time="0.374865"/><testcase classname="Update an environment in a tenant : Update environment" name="Then I receive a &quot;No Content&quot; response" time="0.008266"><failure message="Wrong status code received: 405. Expected: 204. Body content: &lt;html&gt;&lt;head&gt;&lt;title&gt;Apache Tomcat/7.0.16 - Informe de Error&lt;/title&gt;&lt;style&gt;&lt;!--H1 {font-family:Tahoma,Arial,sans-serif;color:white;background-color:#525D76;font-size:22px;} H2 {font-family:Tahoma,Arial,sans-serif;color:white;background-color:#525D76;font-size:16px;} H3 {font-family:Tahoma,Arial,sans-serif;color:white;background-color:#525D76;font-size:14px;} BODY {font-family:Tahoma,Arial,sans-serif;color:black;background-color:white;} B {font-family:Tahoma,Arial,sans-serif;color:white;background-color:#525D76;} P {font-family:Tahoma,Arial,sans-serif;background:white;color:black;font-size:12px;}A {color : black;}A.name {color : black;}HR {color : #525D76;}--&gt;&lt;/style&gt; &lt;/head&gt;&lt;body&gt;&lt;h1&gt;Estado HTTP 405 - Method Not Allowed&lt;/h1&gt;&lt;HR size=&quot;1&quot; noshade=&quot;noshade&quot;&gt;&lt;p&gt;&lt;b&gt;type&lt;/b&gt; Informe de estado&lt;/p&gt;&lt;p&gt;&lt;b&gt;mensaje&lt;/b&gt; &lt;u&gt;Method Not Allowed&lt;/u&gt;&lt;/p&gt;&lt;p&gt;&lt;b&gt;descripción&lt;/b&gt; &lt;u&gt;El método HTTP especificado no está permitido para el recurso requerido (Method Not Allowed).&lt;/u&gt;&lt;/p&gt;&lt;HR size=&quot;1&quot; noshade=&quot;noshade&quot;&gt;&lt;h3&gt;Apache Tomcat/7.0.16&lt;/h3&gt;&lt;/body&gt;&lt;/html&gt;" type="AssertionError"><![CDATA[Traceback (most recent call last):
  File "/home/vagrant/fiware-stuff/venv/lib/python2.6/site-packages/lettuce/core.py", line 144, in __call__
    ret = self.function(self.step, *args, **kw)
  File "/home/vagrant/workspace/fiware-paas/test/acceptance/integration/environments/update_environment/steps.py", line 65, in i_receive_a_response_of_type
    environment_request.check_update_environment_response(world.response, status_code)
  File "/home/vagrant/workspace/fiware-paas/test/acceptance/tools/environment_request.py", line 301, in check_update_environment_response
    % (response.status, expected_status_code, response.read())
AssertionError: Wrong status code received: 405. Expected: 204. Body content: <html><head><title>Apache Tomcat/7.0.16 - Informe de Error</title><style><!--H1 {font-family:Tahoma,Arial,sans-serif;color:white;background-color:#525D76;font-size:22px;} H2 {font-family:Tahoma,Arial,sans-serif;color:white;background-color:#525D76;font-size:16px;} H3 {font-family:Tahoma,Arial,sans-serif;color:white;background-color:#525D76;font-size:14px;} BODY {font-family:Tahoma,Arial,sans-serif;color:black;background-color:white;} B {font-family:Tahoma,Arial,sans-serif;color:white;background-color:#525D76;} P {font-family:Tahoma,Arial,sans-serif;background:white;color:black;font-size:12px;}A {color : black;}A.name {color : black;}HR {color : #525D76;}--></style> </head><body><h1>Estado HTTP 405 - Method Not Allowed</h1><HR size="1" noshade="noshade"><p><b>type</b> Informe de estado</p><p><b>mensaje</b> <u>Method Not Allowed</u></p><p><b>descripción</b> <u>El método HTTP especificado no está permitido para el recurso requerido (Method Not Allowed).</u></p><HR size="1" noshade="noshade"><h3>Apache Tomcat/7.0.16</h3></body></html>
]]></failure></testcase></testsuite>