<?xml version="1.0" ?><testsuite errors="0" failures="0" hostname="localhost" name="lettuce" tests="5" time="0" timestamp="2014-02-18T08:57:27"><testcase classname="Get the environments in a tenant : Get a list with just one environment" name="Given the paas manager is up and properly configured" time="0.007623"/><testcase classname="Get the environments in a tenant : Get a list with just one environment" name="And an environment has already been created with data:" time="0.518543"/><testcase classname="Get the environments in a tenant : Get a list with just one environment" name="When I request the list of existing environments" time="0.341442"/><testcase classname="Get the environments in a tenant : Get a list with just one environment" name="Then I receive an &quot;OK&quot; response with &quot;1&quot; item in the list" time="0.006077"/><testcase classname="Get the environments in a tenant : Get a list with just one environment" name="And there is an environment in the list with data:" time="0.005199"/></testsuite>