<?xml version="1.0" ?><testsuite errors="0" failures="0" hostname="localhost" name="lettuce" tests="4" time="0" timestamp="2014-02-18T08:58:30"><testcase classname="Get the details of an environment in a tenant : Get the details of a non existent environment" name="Given the paas manager is up and properly configured" time="0.004883"/><testcase classname="Get the details of an environment in a tenant : Get the details of a non existent environment" name="And there is no environment with name &quot;name&quot; already created" time="0.576766"/><testcase classname="Get the details of an environment in a tenant : Get the details of a non existent environment" name="When I request the details of the environment with name &quot;name&quot;" time="0.494335"/><testcase classname="Get the details of an environment in a tenant : Get the details of a non existent environment" name="Then I receive a &quot;Not Found&quot; response" time="0.002121"/></testsuite>