<?xml version="1.0" ?><testsuite errors="0" failures="0" hostname="localhost" name="lettuce" tests="3" time="0" timestamp="2014-02-13T17:18:21"><testcase classname="Create an environment in a tenant : Create environment" name="Given the paas manager is up and properly configured" time="0.006794"/><testcase classname="Create an environment in a tenant : Create environment" name="When I request the creation of an environment with data:" time="0.449662"/><testcase classname="Create an environment in a tenant : Create environment" name="Then I receive a &quot;No Content&quot; response" time="0.008762"/></testsuite>